<?xml version="1.0" encoding="UTF-8"?>
<trace:TraceModel xmi:version="2.0" xmlns:xmi="http://www.omg.org/XMI" xmlns:trace="http://www.eclipse.org/gmf/2006/Trace">
  <nodeTraces visualID="2007" queryText="(let _eClass_:ecore::EClass = modelFacet.metaClass.ecoreClass in _eClass_.ePackage.nsURI = 'http://www.amcl.tuc.gr/aseme/metamodels/SUC' and _eClass_.name = 'SystemRole') and (let _containmentMF_:ecore::EStructuralFeature = modelFacet.containmentMetaFeature.ecoreFeature in (let _eClass_:ecore::EClass = _containmentMF_.eContainingClass in _eClass_.ePackage.nsURI = 'http://www.amcl.tuc.gr/aseme/metamodels/SUC' and _eClass_.name = 'SUCmodel') and _containmentMF_.name = 'roles')">
    <nodeLabelTraces visualID="5009" queryText="true"/>
  </nodeTraces>
  <nodeTraces visualID="2008" queryText="(let _eClass_:ecore::EClass = modelFacet.metaClass.ecoreClass in _eClass_.ePackage.nsURI = 'http://www.amcl.tuc.gr/aseme/metamodels/SUC' and _eClass_.name = 'HumanRole') and (let _containmentMF_:ecore::EStructuralFeature = modelFacet.containmentMetaFeature.ecoreFeature in (let _eClass_:ecore::EClass = _containmentMF_.eContainingClass in _eClass_.ePackage.nsURI = 'http://www.amcl.tuc.gr/aseme/metamodels/SUC' and _eClass_.name = 'SUCmodel') and _containmentMF_.name = 'roles')">
    <nodeLabelTraces visualID="5010" queryText="true"/>
  </nodeTraces>
  <nodeTraces visualID="2009" queryText="(let _eClass_:ecore::EClass = modelFacet.metaClass.ecoreClass in _eClass_.ePackage.nsURI = 'http://www.amcl.tuc.gr/aseme/metamodels/SUC' and _eClass_.name = 'UseCase') and (let _containmentMF_:ecore::EStructuralFeature = modelFacet.containmentMetaFeature.ecoreFeature in (let _eClass_:ecore::EClass = _containmentMF_.eContainingClass in _eClass_.ePackage.nsURI = 'http://www.amcl.tuc.gr/aseme/metamodels/SUC' and _eClass_.name = 'SUCmodel') and _containmentMF_.name = 'usecases')">
    <nodeLabelTraces visualID="5011" queryText="true"/>
    <nodeLabelTraces visualID="5012" queryText="true"/>
  </nodeTraces>
  <nodeTraces visualID="2010" queryText="(let _eClass_:ecore::EClass = modelFacet.metaClass.ecoreClass in _eClass_.ePackage.nsURI = 'http://www.amcl.tuc.gr/aseme/metamodels/SUC' and _eClass_.name = 'Role') and (let _containmentMF_:ecore::EStructuralFeature = modelFacet.containmentMetaFeature.ecoreFeature in (let _eClass_:ecore::EClass = _containmentMF_.eContainingClass in _eClass_.ePackage.nsURI = 'http://www.amcl.tuc.gr/aseme/metamodels/SUC' and _eClass_.name = 'SUCmodel') and _containmentMF_.name = 'roles')">
    <nodeLabelTraces visualID="5013" queryText="true"/>
  </nodeTraces>
  <linkTraces visualID="4008" queryText="modelFacet.oclIsKindOf(gmfgen::FeatureLinkModelFacet) and (let _feature_:ecore::EStructuralFeature = modelFacet.oclAsType(gmfgen::FeatureLinkModelFacet).metaFeature.ecoreFeature in (let _eClass_:ecore::EClass = _feature_.eContainingClass in _eClass_.ePackage.nsURI = 'http://www.amcl.tuc.gr/aseme/metamodels/SUC' and _eClass_.name = 'Role') and _feature_.name = 'participates_in')"/>
  <linkTraces visualID="4009" queryText="modelFacet.oclIsKindOf(gmfgen::FeatureLinkModelFacet) and (let _feature_:ecore::EStructuralFeature = modelFacet.oclAsType(gmfgen::FeatureLinkModelFacet).metaFeature.ecoreFeature in (let _eClass_:ecore::EClass = _feature_.eContainingClass in _eClass_.ePackage.nsURI = 'http://www.amcl.tuc.gr/aseme/metamodels/SUC' and _eClass_.name = 'UseCase') and _feature_.name = 'include')">
    <linkLabelTraces visualID="6001" queryText="true"/>
  </linkTraces>
</trace:TraceModel>
